c:\users\luis\desktop\proyecto\clinicaview\x64\debug\clinicaview.pch
c:\users\luis\desktop\proyecto\clinicaview\x64\debug\vc143.pdb
c:\users\luis\desktop\proyecto\clinicaview\x64\debug\pch.obj
c:\users\luis\desktop\proyecto\clinicaview\x64\debug\reservarcitaform.obj
c:\users\luis\desktop\proyecto\clinicaview\x64\debug\recepcionform.obj
c:\users\luis\desktop\proyecto\clinicaview\x64\debug\personaform.obj
c:\users\luis\desktop\proyecto\clinicaview\x64\debug\medicosearchform.obj
c:\users\luis\desktop\proyecto\clinicaview\x64\debug\medicomainform.obj
c:\users\luis\desktop\proyecto\clinicaview\x64\debug\medicoform.obj
c:\users\luis\desktop\proyecto\clinicaview\x64\debug\medicamentosform.obj
c:\users\luis\desktop\proyecto\clinicaview\x64\debug\loginform.obj
c:\users\luis\desktop\proyecto\clinicaview\x64\debug\crearusuarioform.obj
c:\users\luis\desktop\proyecto\clinicaview\x64\debug\clinicaview.obj
c:\users\luis\desktop\proyecto\clinicaview\x64\debug\clinicamainform.obj
c:\users\luis\desktop\proyecto\clinicaview\x64\debug\clientemainform.obj
c:\users\luis\desktop\proyecto\clinicaview\x64\debug\assemblyinfo.obj
c:\users\luis\desktop\proyecto\clinicaview\x64\debug\adminmainform.obj
c:\users\luis\desktop\proyecto\clinicaview\x64\debug\.netframework,version=v4.7.2.assemblyattributes.obj
c:\users\luis\desktop\proyecto\clinicaview\x64\debug\clinicaview.adminmainform.resources
c:\users\luis\desktop\proyecto\clinicaview\x64\debug\clinicaview.clinicamainform.resources
c:\users\luis\desktop\proyecto\clinicaview\x64\debug\clinicaview.crearusuarioform.resources
c:\users\luis\desktop\proyecto\clinicaview\x64\debug\clinicaview.loginform.resources
c:\users\luis\desktop\proyecto\clinicaview\x64\debug\clinicaview.medicamentosform.resources
c:\users\luis\desktop\proyecto\clinicaview\x64\debug\clinicaview.medicoform.resources
c:\users\luis\desktop\proyecto\clinicaview\x64\debug\clinicaview.medicosearchform.resources
c:\users\luis\desktop\proyecto\clinicaview\x64\debug\clinicaview.personaform.resources
c:\users\luis\desktop\proyecto\clinicaview\x64\debug\clinicaview.recepcionform.resources
c:\users\luis\desktop\proyecto\clinicaview\x64\debug\clinicaview.reservarcitaform.resources
c:\users\luis\desktop\proyecto\clinicamodel\x64\debug\clinicaview.exe
c:\users\luis\desktop\proyecto\clinicamodel\x64\debug\clinicaview.pdb
c:\users\luis\desktop\proyecto\clinicaview\x64\debug\app.res
c:\users\luis\desktop\proyecto\clinicaview\x64\debug\clinicaview.tlog\cl.command.1.tlog
c:\users\luis\desktop\proyecto\clinicaview\x64\debug\clinicaview.tlog\cl.read.1.tlog
c:\users\luis\desktop\proyecto\clinicaview\x64\debug\clinicaview.tlog\cl.write.1.tlog
c:\users\luis\desktop\proyecto\clinicaview\x64\debug\clinicaview.tlog\clinicaview.write.1u.tlog
c:\users\luis\desktop\proyecto\clinicaview\x64\debug\clinicaview.tlog\link.command.1.tlog
c:\users\luis\desktop\proyecto\clinicaview\x64\debug\clinicaview.tlog\link.read.1.tlog
c:\users\luis\desktop\proyecto\clinicaview\x64\debug\clinicaview.tlog\link.write.1.tlog
c:\users\luis\desktop\proyecto\clinicaview\x64\debug\clinicaview.tlog\metagen.read.1.tlog
c:\users\luis\desktop\proyecto\clinicaview\x64\debug\clinicaview.tlog\metagen.write.1.tlog
c:\users\luis\desktop\proyecto\clinicaview\x64\debug\clinicaview.tlog\rc.command.1.tlog
c:\users\luis\desktop\proyecto\clinicaview\x64\debug\clinicaview.tlog\rc.read.1.tlog
c:\users\luis\desktop\proyecto\clinicaview\x64\debug\clinicaview.tlog\rc.write.1.tlog
