c:\users\luis\desktop\proyecto\clinicamodel\x64\debug\clinicamodel.pch
c:\users\luis\desktop\proyecto\clinicamodel\x64\debug\vc143.pdb
c:\users\luis\desktop\proyecto\clinicamodel\x64\debug\pch.obj
c:\users\luis\desktop\proyecto\clinicamodel\x64\debug\receta.obj
c:\users\luis\desktop\proyecto\clinicamodel\x64\debug\recepcion.obj
c:\users\luis\desktop\proyecto\clinicamodel\x64\debug\persona.obj
c:\users\luis\desktop\proyecto\clinicamodel\x64\debug\mediopago.obj
c:\users\luis\desktop\proyecto\clinicamodel\x64\debug\medico.obj
c:\users\luis\desktop\proyecto\clinicamodel\x64\debug\medicamentos.obj
c:\users\luis\desktop\proyecto\clinicamodel\x64\debug\historialclinico.obj
c:\users\luis\desktop\proyecto\clinicamodel\x64\debug\farmacia.obj
c:\users\luis\desktop\proyecto\clinicamodel\x64\debug\empleados.obj
c:\users\luis\desktop\proyecto\clinicamodel\x64\debug\disponibilidadmedico.obj
c:\users\luis\desktop\proyecto\clinicamodel\x64\debug\detallecomprobante.obj
c:\users\luis\desktop\proyecto\clinicamodel\x64\debug\comprobanteservicio.obj
c:\users\luis\desktop\proyecto\clinicamodel\x64\debug\comprobantereceta.obj
c:\users\luis\desktop\proyecto\clinicamodel\x64\debug\comprobantecita.obj
c:\users\luis\desktop\proyecto\clinicamodel\x64\debug\clinicamodel.obj
c:\users\luis\desktop\proyecto\clinicamodel\x64\debug\clinica.obj
c:\users\luis\desktop\proyecto\clinicamodel\x64\debug\cliente.obj
c:\users\luis\desktop\proyecto\clinicamodel\x64\debug\cita.obj
c:\users\luis\desktop\proyecto\clinicamodel\x64\debug\atencionmedica.obj
c:\users\luis\desktop\proyecto\clinicamodel\x64\debug\assemblyinfo.obj
c:\users\luis\desktop\proyecto\clinicamodel\x64\debug\triaje.obj
c:\users\luis\desktop\proyecto\clinicamodel\x64\debug\tipomedico.obj
c:\users\luis\desktop\proyecto\clinicamodel\x64\debug\tipogenero.obj
c:\users\luis\desktop\proyecto\clinicamodel\x64\debug\serviciosclinica.obj
c:\users\luis\desktop\proyecto\clinicamodel\x64\debug\respuestareclamo.obj
c:\users\luis\desktop\proyecto\clinicamodel\x64\debug\reclamo.obj
c:\users\luis\desktop\proyecto\clinicamodel\x64\debug\.netframework,version=v4.7.2.assemblyattributes.obj
c:\users\luis\desktop\proyecto\clinicamodel\x64\debug\clinicamodel.dll
c:\users\luis\desktop\proyecto\clinicamodel\x64\debug\clinicamodel.pdb
c:\users\luis\desktop\proyecto\clinicamodel\x64\debug\app.res
c:\users\luis\desktop\proyecto\clinicamodel\x64\debug\clinicacontroller.pdb
c:\users\luis\desktop\proyecto\clinicamodel\x64\debug\clinicacontroller.dll.metagen
c:\users\luis\desktop\proyecto\clinicamodel\x64\debug\clinicamodel.dll.metagen
c:\users\luis\desktop\proyecto\clinicamodel\x64\debug\clinicamodel.tlog\cl.command.1.tlog
c:\users\luis\desktop\proyecto\clinicamodel\x64\debug\clinicamodel.tlog\cl.read.1.tlog
c:\users\luis\desktop\proyecto\clinicamodel\x64\debug\clinicamodel.tlog\cl.write.1.tlog
c:\users\luis\desktop\proyecto\clinicamodel\x64\debug\clinicamodel.tlog\link.command.1.tlog
c:\users\luis\desktop\proyecto\clinicamodel\x64\debug\clinicamodel.tlog\link.read.1.tlog
c:\users\luis\desktop\proyecto\clinicamodel\x64\debug\clinicamodel.tlog\link.write.1.tlog
c:\users\luis\desktop\proyecto\clinicamodel\x64\debug\clinicamodel.tlog\metagen.read.1.tlog
c:\users\luis\desktop\proyecto\clinicamodel\x64\debug\clinicamodel.tlog\metagen.write.1.tlog
c:\users\luis\desktop\proyecto\clinicamodel\x64\debug\clinicamodel.tlog\rc.command.1.tlog
c:\users\luis\desktop\proyecto\clinicamodel\x64\debug\clinicamodel.tlog\rc.read.1.tlog
c:\users\luis\desktop\proyecto\clinicamodel\x64\debug\clinicamodel.tlog\rc.write.1.tlog
