c:\users\luis\desktop\proyecto\clinicacontroller\x64\debug\clinicacontroller.pch
c:\users\luis\desktop\proyecto\clinicacontroller\x64\debug\vc143.pdb
c:\users\luis\desktop\proyecto\clinicacontroller\x64\debug\pch.obj
c:\users\luis\desktop\proyecto\clinicacontroller\x64\debug\tipomedicodb.obj
c:\users\luis\desktop\proyecto\clinicacontroller\x64\debug\tipogenerodb.obj
c:\users\luis\desktop\proyecto\clinicacontroller\x64\debug\recepciondb.obj
c:\users\luis\desktop\proyecto\clinicacontroller\x64\debug\personadb.obj
c:\users\luis\desktop\proyecto\clinicacontroller\x64\debug\medicodb.obj
c:\users\luis\desktop\proyecto\clinicacontroller\x64\debug\medicamentodb.obj
c:\users\luis\desktop\proyecto\clinicacontroller\x64\debug\dbcontroller.obj
c:\users\luis\desktop\proyecto\clinicacontroller\x64\debug\clinicacontroller.obj
c:\users\luis\desktop\proyecto\clinicacontroller\x64\debug\clientedb.obj
c:\users\luis\desktop\proyecto\clinicacontroller\x64\debug\assemblyinfo.obj
c:\users\luis\desktop\proyecto\clinicacontroller\x64\debug\.netframework,version=v4.7.2.assemblyattributes.obj
c:\users\luis\desktop\proyecto\clinicamodel\x64\debug\clinicacontroller.dll
c:\users\luis\desktop\proyecto\clinicamodel\x64\debug\clinicacontroller.pdb
c:\users\luis\desktop\proyecto\clinicacontroller\x64\debug\app.res
c:\users\luis\desktop\proyecto\clinicacontroller\x64\debug\clinicac.db68998d.tlog\cl.command.1.tlog
c:\users\luis\desktop\proyecto\clinicacontroller\x64\debug\clinicac.db68998d.tlog\cl.read.1.tlog
c:\users\luis\desktop\proyecto\clinicacontroller\x64\debug\clinicac.db68998d.tlog\cl.write.1.tlog
c:\users\luis\desktop\proyecto\clinicacontroller\x64\debug\clinicac.db68998d.tlog\link.command.1.tlog
c:\users\luis\desktop\proyecto\clinicacontroller\x64\debug\clinicac.db68998d.tlog\link.read.1.tlog
c:\users\luis\desktop\proyecto\clinicacontroller\x64\debug\clinicac.db68998d.tlog\link.write.1.tlog
c:\users\luis\desktop\proyecto\clinicacontroller\x64\debug\clinicac.db68998d.tlog\metagen.read.1.tlog
c:\users\luis\desktop\proyecto\clinicacontroller\x64\debug\clinicac.db68998d.tlog\metagen.write.1.tlog
c:\users\luis\desktop\proyecto\clinicacontroller\x64\debug\clinicac.db68998d.tlog\rc.command.1.tlog
c:\users\luis\desktop\proyecto\clinicacontroller\x64\debug\clinicac.db68998d.tlog\rc.read.1.tlog
c:\users\luis\desktop\proyecto\clinicacontroller\x64\debug\clinicac.db68998d.tlog\rc.write.1.tlog
